0 info it worked if it ends with ok
1 verbose cli [ 'C:\\Program Files\\nodejs\\node.exe',
1 verbose cli   'C:\\Program Files\\nodejs\\node_modules\\npm\\bin\\npm-cli.js',
1 verbose cli   'start' ]
2 info using npm@3.10.10
3 info using node@v6.9.5
4 verbose run-script [ 'prestart', 'start', 'poststart' ]
5 info lifecycle electron-howler-music-app@1.0.0~prestart: electron-howler-music-app@1.0.0
6 silly lifecycle electron-howler-music-app@1.0.0~prestart: no script for prestart, continuing
7 info lifecycle electron-howler-music-app@1.0.0~start: electron-howler-music-app@1.0.0
8 verbose lifecycle electron-howler-music-app@1.0.0~start: unsafe-perm in lifecycle true
9 verbose lifecycle electron-howler-music-app@1.0.0~start: PATH: C:\Program Files\nodejs\node_modules\npm\bin\node-gyp-bin;D:\nodejs\dianuj-electron\node_modules\.bin;C:\ProgramData\Oracle\Java\javapath;C:\WINDOWS\system32;C:\WINDOWS;C:\WINDOWS\System32\Wbem;C:\WINDOWS\System32\WindowsPowerShell\v1.0\;D:\xampp\php;C:\Program Files\Git\cmd;C:\Program Files\Microsoft SQL Server\130\Tools\Binn\;C:\Program Files\nodejs\;C:\Program Files (x86)\Bitvise SSH Client;C:\Program Files (x86)\Skype\Phone\;C:\Program Files (x86)\Yarn\bin;C:\HashiCorp\Vagrant\bin;C:\ProgramData\ComposerSetup\bin;C:\Users\gexton-hp\AppData\Local\Microsoft\WindowsApps;E:\apache-ant-1.10.0;E:\apache-ant-1.10.0\bin;E:\SDK\tools;E:\SDK\platform-tools;E:\SDK\build-tools;C:\Program Files (x86)\Java\jdk1.8.0_121;C:\Program Files (x86)\Java\jdk1.8.0_121\bin;C:\Users\gexton-hp\AppData\Roaming\npm;C:\Program Files (x86)\Microsoft VS Code\bin;E:\apktool;C:\Users\gexton-hp\AppData\Local\Yarn\.bin;C:\Users\gexton-hp\AppData\Roaming\Composer\vendor\bin
10 verbose lifecycle electron-howler-music-app@1.0.0~start: CWD: D:\nodejs\dianuj-electron
11 silly lifecycle electron-howler-music-app@1.0.0~start: Args: [ '/d /s /c', 'electron .' ]
12 silly lifecycle electron-howler-music-app@1.0.0~start: Returned: code: 1  signal: null
13 info lifecycle electron-howler-music-app@1.0.0~start: Failed to exec start script
14 verbose stack Error: electron-howler-music-app@1.0.0 start: `electron .`
14 verbose stack Exit status 1
14 verbose stack     at EventEmitter.<anonymous> (C:\Program Files\nodejs\node_modules\npm\lib\utils\lifecycle.js:255:16)
14 verbose stack     at emitTwo (events.js:106:13)
14 verbose stack     at EventEmitter.emit (events.js:191:7)
14 verbose stack     at ChildProcess.<anonymous> (C:\Program Files\nodejs\node_modules\npm\lib\utils\spawn.js:40:14)
14 verbose stack     at emitTwo (events.js:106:13)
14 verbose stack     at ChildProcess.emit (events.js:191:7)
14 verbose stack     at maybeClose (internal/child_process.js:877:16)
14 verbose stack     at Process.ChildProcess._handle.onexit (internal/child_process.js:226:5)
15 verbose pkgid electron-howler-music-app@1.0.0
16 verbose cwd D:\nodejs\dianuj-electron
17 error Windows_NT 10.0.14393
18 error argv "C:\\Program Files\\nodejs\\node.exe" "C:\\Program Files\\nodejs\\node_modules\\npm\\bin\\npm-cli.js" "start"
19 error node v6.9.5
20 error npm  v3.10.10
21 error code ELIFECYCLE
22 error electron-howler-music-app@1.0.0 start: `electron .`
22 error Exit status 1
23 error Failed at the electron-howler-music-app@1.0.0 start script 'electron .'.
23 error Make sure you have the latest version of node.js and npm installed.
23 error If you do, this is most likely a problem with the electron-howler-music-app package,
23 error not with npm itself.
23 error Tell the author that this fails on your system:
23 error     electron .
23 error You can get information on how to open an issue for this project with:
23 error     npm bugs electron-howler-music-app
23 error Or if that isn't available, you can get their info via:
23 error     npm owner ls electron-howler-music-app
23 error There is likely additional logging output above.
24 verbose exit [ 1, true ]
